./scripts/prepare_environment.py:17:5: E125 continuation line with same indent as next logical line
./scripts/prepare_environment.py:273:66: W504 line break after binary operator
./scripts/prepare_environment.py:315:73: W504 line break after binary operator
./scripts/prepare_environment.py:357:75: W504 line break after binary operator
./scripts/prepare_environment.py:399:70: W504 line break after binary operator
./scripts/prepare_environment.py:400:80: E501 line too long (88 > 79 characters)
./scripts/prepare_environment.py:417:72: W504 line break after binary operator
./scripts/prepare_environment.py:434:80: E501 line too long (98 > 79 characters)
./scripts/prepare_environment.py:451:75: W504 line break after binary operator
./scripts/prepare_environment.py:452:69: W504 line break after binary operator
./scripts/prepare_environment.py:469:75: W504 line break after binary operator
./scripts/prepare_environment.py:470:60: W504 line break after binary operator
./scripts/prepare_environment.py:486:66: W504 line break after binary operator
./scripts/prepare_environment.py:487:80: E501 line too long (86 > 79 characters)
./scripts/prepare_environment.py:488:72: W504 line break after binary operator
./scripts/prepare_environment.py:489:68: W504 line break after binary operator
./scripts/prepare_environment.py:490:69: W504 line break after binary operator
./scripts/prepare_environment.py:491:77: W504 line break after binary operator
./scripts/prepare_environment.py:492:56: W504 line break after binary operator
./scripts/prepare_environment.py:493:67: W504 line break after binary operator
./scripts/prepare_environment.py:494:71: W504 line break after binary operator
./scripts/prepare_environment.py:495:65: W504 line break after binary operator
./scripts/prepare_environment.py:1073:21: E123 closing bracket does not match indentation of opening bracket's line
./scripts/pypi_upload.py:18:1: F401 'requests.post' imported but unused
./scripts/pypi_upload.py:30:9: E124 closing bracket does not match visual indentation
./scripts/pypi_upload.py:76:1: E302 expected 2 blank lines, found 1
