/home/runner/workspace/scripts/pypi_upload.py
  /home/runner/workspace/scripts/pypi_upload.py:4:1 - error: "PyPI" is not defined (reportUndefinedVariable)
  /home/runner/workspace/scripts/pypi_upload.py:4:1 - warning: Expression value is unused (reportUnusedExpression)
  /home/runner/workspace/scripts/pypi_upload.py:4:6 - error: Statements must be separated by newlines or semicolons
  /home/runner/workspace/scripts/pypi_upload.py:4:6 - error: "package" is not defined (reportUndefinedVariable)
  /home/runner/workspace/scripts/pypi_upload.py:4:6 - warning: Expression value is unused (reportUnusedExpression)
  /home/runner/workspace/scripts/pypi_upload.py:4:14 - error: Statements must be separated by newlines or semicolons
  /home/runner/workspace/scripts/pypi_upload.py:4:14 - error: "upload" is not defined (reportUndefinedVariable)
  /home/runner/workspace/scripts/pypi_upload.py:4:14 - warning: Expression value is unused (reportUnusedExpression)
  /home/runner/workspace/scripts/pypi_upload.py:4:21 - error: Statements must be separated by newlines or semicolons
  /home/runner/workspace/scripts/pypi_upload.py:4:27 - error: Expected attribute name after "."
  /home/runner/workspace/scripts/pypi_upload.py:5:1 - error: "Handles" is not defined (reportUndefinedVariable)
  /home/runner/workspace/scripts/pypi_upload.py:5:1 - warning: Expression value is unused (reportUnusedExpression)
  /home/runner/workspace/scripts/pypi_upload.py:5:9 - error: Statements must be separated by newlines or semicolons
  /home/runner/workspace/scripts/pypi_upload.py:5:9 - error: "building" is not defined (reportUndefinedVariable)
  /home/runner/workspace/scripts/pypi_upload.py:5:9 - warning: Expression value is unused (reportUnusedExpression)
  /home/runner/workspace/scripts/pypi_upload.py:5:22 - error: "uploading" is not defined (reportUndefinedVariable)
  /home/runner/workspace/scripts/pypi_upload.py:5:32 - error: Statements must be separated by newlines or semicolons
  /home/runner/workspace/scripts/pypi_upload.py:5:32 - error: "package" is not defined (reportUndefinedVariable)
  /home/runner/workspace/scripts/pypi_upload.py:5:32 - warning: Expression value is unused (reportUnusedExpression)
  /home/runner/workspace/scripts/pypi_upload.py:5:40 - error: Statements must be separated by newlines or semicolons
  /home/runner/workspace/scripts/pypi_upload.py:5:40 - error: "to" is not defined (reportUndefinedVariable)
  /home/runner/workspace/scripts/pypi_upload.py:5:40 - warning: Expression value is unused (reportUnusedExpression)
  /home/runner/workspace/scripts/pypi_upload.py:5:43 - error: Statements must be separated by newlines or semicolons
  /home/runner/workspace/scripts/pypi_upload.py:5:43 - error: "PyPI" is not defined (reportUndefinedVariable)
  /home/runner/workspace/scripts/pypi_upload.py:5:43 - warning: Expression value is unused (reportUnusedExpression)
  /home/runner/workspace/scripts/pypi_upload.py:5:48 - error: Statements must be separated by newlines or semicolons
  /home/runner/workspace/scripts/pypi_upload.py:5:53 - error: "proper" is not defined (reportUndefinedVariable)
  /home/runner/workspace/scripts/pypi_upload.py:5:59 - error: Expected ":"
  /home/runner/workspace/scripts/pypi_upload.py:6:1 - error: "versioning" is not defined (reportUndefinedVariable)
  /home/runner/workspace/scripts/pypi_upload.py:6:1 - warning: Expression value is unused (reportUnusedExpression)
  /home/runner/workspace/scripts/pypi_upload.py:6:23 - error: Expected attribute name after "."
  /home/runner/workspace/scripts/pypi_upload.py:7:1 - error: "Contains" is not defined (reportUndefinedVariable)
  /home/runner/workspace/scripts/pypi_upload.py:7:1 - warning: Expression value is unused (reportUnusedExpression)
  /home/runner/workspace/scripts/pypi_upload.py:7:10 - error: Statements must be separated by newlines or semicolons
  /home/runner/workspace/scripts/pypi_upload.py:7:10 - error: "utilities" is not defined (reportUndefinedVariable)
  /home/runner/workspace/scripts/pypi_upload.py:7:10 - warning: Expression value is unused (reportUnusedExpression)
  /home/runner/workspace/scripts/pypi_upload.py:7:20 - error: Statements must be separated by newlines or semicolons
  /home/runner/workspace/scripts/pypi_upload.py:7:32 - error: Expected "in"
  /home/runner/workspace/scripts/pypi_upload.py:23:8 - error: Statements must be separated by newlines or semicolons
  /home/runner/workspace/scripts/pypi_upload.py:23:8 - error: "Fetch" is not defined (reportUndefinedVariable)
  /home/runner/workspace/scripts/pypi_upload.py:23:8 - warning: Expression value is unused (reportUnusedExpression)
  /home/runner/workspace/scripts/pypi_upload.py:23:14 - error: Statements must be separated by newlines or semicolons
  /home/runner/workspace/scripts/pypi_upload.py:23:14 - error: "the" is not defined (reportUndefinedVariable)
  /home/runner/workspace/scripts/pypi_upload.py:23:14 - warning: Expression value is unused (reportUnusedExpression)
  /home/runner/workspace/scripts/pypi_upload.py:23:18 - error: Statements must be separated by newlines or semicolons
  /home/runner/workspace/scripts/pypi_upload.py:23:18 - error: "latest" is not defined (reportUndefinedVariable)
  /home/runner/workspace/scripts/pypi_upload.py:23:18 - warning: Expression value is unused (reportUnusedExpression)
  /home/runner/workspace/scripts/pypi_upload.py:23:25 - error: Statements must be separated by newlines or semicolons
  /home/runner/workspace/scripts/pypi_upload.py:23:25 - warning: Expression value is unused (reportUnusedExpression)
  /home/runner/workspace/scripts/pypi_upload.py:23:25 - error: "version" is possibly unbound (reportPossiblyUnboundVariable)
  /home/runner/workspace/scripts/pypi_upload.py:23:33 - error: Statements must be separated by newlines or semicolons
  /home/runner/workspace/scripts/pypi_upload.py:23:38 - error: Import "PyPI" could not be resolved (reportMissingImports)
  /home/runner/workspace/scripts/pypi_upload.py:23:43 - error: Expected module name
  /home/runner/workspace/scripts/pypi_upload.py:23:43 - error: Expected "import"
  /home/runner/workspace/scripts/pypi_upload.py:25:1 - error: Unexpected indentation
  /home/runner/workspace/scripts/pypi_upload.py:25:13 - error: Expected expression
  /home/runner/workspace/scripts/pypi_upload.py:26:1 - error: Unexpected indentation
  /home/runner/workspace/scripts/pypi_upload.py:26:14 - error: "Latest" is not defined (reportUndefinedVariable)
  /home/runner/workspace/scripts/pypi_upload.py:26:21 - error: Statements must be separated by newlines or semicolons
  /home/runner/workspace/scripts/pypi_upload.py:26:21 - warning: Expression value is unused (reportUnusedExpression)
  /home/runner/workspace/scripts/pypi_upload.py:26:21 - error: "version" is possibly unbound (reportPossiblyUnboundVariable)
  /home/runner/workspace/scripts/pypi_upload.py:26:29 - error: Statements must be separated by newlines or semicolons
  /home/runner/workspace/scripts/pypi_upload.py:26:29 - error: "number" is not defined (reportUndefinedVariable)
  /home/runner/workspace/scripts/pypi_upload.py:26:29 - warning: Expression value is unused (reportUnusedExpression)
  /home/runner/workspace/scripts/pypi_upload.py:26:46 - error: Statements must be separated by newlines or semicolons
  /home/runner/workspace/scripts/pypi_upload.py:26:46 - warning: Expression value is unused (reportUnusedExpression)
  /home/runner/workspace/scripts/pypi_upload.py:27:1 - error: Unexpected indentation
  /home/runner/workspace/scripts/pypi_upload.py:27:21 - error: "found" is not defined (reportUndefinedVariable)
  /home/runner/workspace/scripts/pypi_upload.py:27:26 - error: Expected ":"
  /home/runner/workspace/scripts/pypi_upload.py:28:5 - error: Unindent not expected
  /home/runner/workspace/scripts/pypi_upload.py:28:5 - error: Expected expression
  /home/runner/workspace/scripts/pypi_upload.py:40:10 - error: Expected expression
  /home/runner/workspace/scripts/pypi_upload.py:41:1 - error: Unexpected indentation
  /home/runner/workspace/scripts/pypi_upload.py:41:18 - error: "Current" is not defined (reportUndefinedVariable)
  /home/runner/workspace/scripts/pypi_upload.py:41:26 - error: Statements must be separated by newlines or semicolons
  /home/runner/workspace/scripts/pypi_upload.py:41:26 - error: Operator "in" not supported for types "Unbound | Unknown" and "(value: object, format_spec: str = "", /) -> str"
    Operator "in" not supported for types "Unbound" and "(value: object, format_spec: str = "", /) -> str" (reportOperatorIssue)
  /home/runner/workspace/scripts/pypi_upload.py:41:26 - warning: Expression value is unused (reportUnusedExpression)
  /home/runner/workspace/scripts/pypi_upload.py:41:26 - error: "version" is possibly unbound (reportPossiblyUnboundVariable)
  /home/runner/workspace/scripts/pypi_upload.py:41:44 - error: Statements must be separated by newlines or semicolons
  /home/runner/workspace/scripts/pypi_upload.py:43:5 - error: Unindent not expected
  /home/runner/workspace/scripts/pypi_upload.py:43:13 - error: Expected expression
  /home/runner/workspace/scripts/pypi_upload.py:44:1 - error: Unexpected indentation
  /home/runner/workspace/scripts/pypi_upload.py:44:14 - error: "Incremented" is not defined (reportUndefinedVariable)
  /home/runner/workspace/scripts/pypi_upload.py:44:26 - error: Statements must be separated by newlines or semicolons
  /home/runner/workspace/scripts/pypi_upload.py:44:26 - warning: Expression value is unused (reportUnusedExpression)
  /home/runner/workspace/scripts/pypi_upload.py:44:26 - error: "version" is possibly unbound (reportPossiblyUnboundVariable)
  /home/runner/workspace/scripts/pypi_upload.py:44:34 - error: Statements must be separated by newlines or semicolons
  /home/runner/workspace/scripts/pypi_upload.py:44:34 - error: "number" is not defined (reportUndefinedVariable)
  /home/runner/workspace/scripts/pypi_upload.py:44:34 - warning: Expression value is unused (reportUnusedExpression)
  /home/runner/workspace/scripts/pypi_upload.py:45:5 - error: Unindent not expected
  /home/runner/workspace/scripts/pypi_upload.py:55:8 - error: Statements must be separated by newlines or semicolons
  /home/runner/workspace/scripts/pypi_upload.py:55:8 - error: "Update" is not defined (reportUndefinedVariable)
  /home/runner/workspace/scripts/pypi_upload.py:55:8 - warning: Expression value is unused (reportUnusedExpression)
  /home/runner/workspace/scripts/pypi_upload.py:55:15 - error: Statements must be separated by newlines or semicolons
  /home/runner/workspace/scripts/pypi_upload.py:55:15 - warning: Expression value is unused (reportUnusedExpression)
  /home/runner/workspace/scripts/pypi_upload.py:55:15 - error: "version" is possibly unbound (reportPossiblyUnboundVariable)
  /home/runner/workspace/scripts/pypi_upload.py:55:23 - error: Statements must be separated by newlines or semicolons
  /home/runner/workspace/scripts/pypi_upload.py:55:23 - error: "strings" is not defined (reportUndefinedVariable)
  /home/runner/workspace/scripts/pypi_upload.py:55:23 - warning: Expression value is unused (reportUnusedExpression)
  /home/runner/workspace/scripts/pypi_upload.py:55:34 - error: "project" is not defined (reportUndefinedVariable)
  /home/runner/workspace/scripts/pypi_upload.py:55:42 - error: Statements must be separated by newlines or semicolons
  /home/runner/workspace/scripts/pypi_upload.py:55:42 - error: "configuration" is not defined (reportUndefinedVariable)
  /home/runner/workspace/scripts/pypi_upload.py:55:42 - warning: Expression value is unused (reportUnusedExpression)
  /home/runner/workspace/scripts/pypi_upload.py:55:56 - error: Statements must be separated by newlines or semicolons
  /home/runner/workspace/scripts/pypi_upload.py:55:61 - error: Expected attribute name after "."
  /home/runner/workspace/scripts/pypi_upload.py:57:10 - error: Expected expression
  /home/runner/workspace/scripts/pypi_upload.py:58:1 - error: Unexpected indentation
  /home/runner/workspace/scripts/pypi_upload.py:58:22 - error: "Version" is not defined (reportUndefinedVariable)
  /home/runner/workspace/scripts/pypi_upload.py:58:30 - error: Statements must be separated by newlines or semicolons
  /home/runner/workspace/scripts/pypi_upload.py:58:30 - error: "string" is not defined (reportUndefinedVariable)
  /home/runner/workspace/scripts/pypi_upload.py:58:30 - warning: Expression value is unused (reportUnusedExpression)
  /home/runner/workspace/scripts/pypi_upload.py:58:37 - error: Statements must be separated by newlines or semicolons
  /home/runner/workspace/scripts/pypi_upload.py:58:37 - error: "to" is not defined (reportUndefinedVariable)
  /home/runner/workspace/scripts/pypi_upload.py:58:37 - warning: Expression value is unused (reportUnusedExpression)
  /home/runner/workspace/scripts/pypi_upload.py:58:40 - error: Statements must be separated by newlines or semicolons
  /home/runner/workspace/scripts/pypi_upload.py:58:40 - warning: Expression value is unused (reportUnusedExpression)
  /home/runner/workspace/scripts/pypi_upload.py:59:5 - error: Unindent not expected
  /home/runner/workspace/scripts/pypi_upload.py:84:8 - error: Statements must be separated by newlines or semicolons
  /home/runner/workspace/scripts/pypi_upload.py:84:8 - error: "Verify" is not defined (reportUndefinedVariable)
  /home/runner/workspace/scripts/pypi_upload.py:84:8 - warning: Expression value is unused (reportUnusedExpression)
  /home/runner/workspace/scripts/pypi_upload.py:84:15 - error: Statements must be separated by newlines or semicolons
  /home/runner/workspace/scripts/pypi_upload.py:84:15 - error: "PyPI" is not defined (reportUndefinedVariable)
  /home/runner/workspace/scripts/pypi_upload.py:84:15 - warning: Expression value is unused (reportUnusedExpression)
  /home/runner/workspace/scripts/pypi_upload.py:84:20 - error: Statements must be separated by newlines or semicolons
  /home/runner/workspace/scripts/pypi_upload.py:84:20 - error: "token" is not defined (reportUndefinedVariable)
  /home/runner/workspace/scripts/pypi_upload.py:84:20 - warning: Expression value is unused (reportUnusedExpression)
  /home/runner/workspace/scripts/pypi_upload.py:84:26 - error: Statements must be separated by newlines or semicolons
  /home/runner/workspace/scripts/pypi_upload.py:84:26 - error: "exists" is not defined (reportUndefinedVariable)
  /home/runner/workspace/scripts/pypi_upload.py:84:26 - warning: Expression value is unused (reportUnusedExpression)
  /home/runner/workspace/scripts/pypi_upload.py:84:47 - error: Expected attribute name after "."
  /home/runner/workspace/scripts/pypi_upload.py:86:13 - error: Expected expression
  /home/runner/workspace/scripts/pypi_upload.py:87:1 - error: Unexpected indentation
  /home/runner/workspace/scripts/pypi_upload.py:87:14 - error: "PyPI" is not defined (reportUndefinedVariable)
  /home/runner/workspace/scripts/pypi_upload.py:87:19 - error: Statements must be separated by newlines or semicolons
  /home/runner/workspace/scripts/pypi_upload.py:87:19 - error: "token" is not defined (reportUndefinedVariable)
  /home/runner/workspace/scripts/pypi_upload.py:87:19 - warning: Expression value is unused (reportUnusedExpression)
  /home/runner/workspace/scripts/pypi_upload.py:89:5 - error: Unindent not expected
  /home/runner/workspace/scripts/pypi_upload.py:89:12 - error: Expected expression
  /home/runner/workspace/scripts/pypi_upload.py:90:1 - error: Unexpected indentation
  /home/runner/workspace/scripts/pypi_upload.py:90:21 - error: "If" is not defined (reportUndefinedVariable)
  /home/runner/workspace/scripts/pypi_upload.py:90:24 - error: Statements must be separated by newlines or semicolons
  /home/runner/workspace/scripts/pypi_upload.py:90:24 - error: "token" is not defined (reportUndefinedVariable)
  /home/runner/workspace/scripts/pypi_upload.py:90:24 - warning: Expression value is unused (reportUnusedExpression)
  /home/runner/workspace/scripts/pypi_upload.py:91:5 - error: Unindent not expected
  /home/runner/workspace/scripts/pypi_upload.py:101:8 - error: Statements must be separated by newlines or semicolons
  /home/runner/workspace/scripts/pypi_upload.py:101:8 - error: "Create" is not defined (reportUndefinedVariable)
  /home/runner/workspace/scripts/pypi_upload.py:101:8 - warning: Expression value is unused (reportUnusedExpression)
  /home/runner/workspace/scripts/pypi_upload.py:101:15 - error: Statements must be separated by newlines or semicolons
  /home/runner/workspace/scripts/pypi_upload.py:101:15 - error: "PyPI" is not defined (reportUndefinedVariable)
  /home/runner/workspace/scripts/pypi_upload.py:101:15 - warning: Expression value is unused (reportUnusedExpression)
  /home/runner/workspace/scripts/pypi_upload.py:101:20 - error: Statements must be separated by newlines or semicolons
  /home/runner/workspace/scripts/pypi_upload.py:101:20 - error: "configuration" is not defined (reportUndefinedVariable)
  /home/runner/workspace/scripts/pypi_upload.py:101:20 - warning: Expression value is unused (reportUnusedExpression)
  /home/runner/workspace/scripts/pypi_upload.py:101:34 - error: Statements must be separated by newlines or semicolons
  /home/runner/workspace/scripts/pypi_upload.py:101:34 - error: "file" is not defined (reportUndefinedVariable)
  /home/runner/workspace/scripts/pypi_upload.py:101:34 - warning: Expression value is unused (reportUnusedExpression)
  /home/runner/workspace/scripts/pypi_upload.py:101:39 - error: Statements must be separated by newlines or semicolons
  /home/runner/workspace/scripts/pypi_upload.py:101:58 - error: Expected attribute name after "."
  /home/runner/workspace/scripts/pypi_upload.py:101:59 - error: Expected ":"
  /home/runner/workspace/scripts/pypi_upload.py:103:10 - error: Expected expression
  /home/runner/workspace/scripts/pypi_upload.py:104:1 - error: Unexpected indentation
  /home/runner/workspace/scripts/pypi_upload.py:104:16 - error: "PyPI" is not defined (reportUndefinedVariable)
  /home/runner/workspace/scripts/pypi_upload.py:104:21 - error: Statements must be separated by newlines or semicolons
  /home/runner/workspace/scripts/pypi_upload.py:104:21 - error: "authentication" is not defined (reportUndefinedVariable)
  /home/runner/workspace/scripts/pypi_upload.py:104:21 - warning: Expression value is unused (reportUnusedExpression)
  /home/runner/workspace/scripts/pypi_upload.py:104:36 - error: Statements must be separated by newlines or semicolons
  /home/runner/workspace/scripts/pypi_upload.py:104:36 - warning: Expression value is unused (reportUnusedExpression)
  /home/runner/workspace/scripts/pypi_upload.py:104:36 - error: "token" is unbound (reportUnboundVariable)
  /home/runner/workspace/scripts/pypi_upload.py:105:5 - error: Unindent not expected
  /home/runner/workspace/scripts/pypi_upload.py:107:5 - warning: Expression value is unused (reportUnusedExpression)
  /home/runner/workspace/scripts/pypi_upload.py:107:6 - error: "distutils" is not defined (reportUndefinedVariable)
  /home/runner/workspace/scripts/pypi_upload.py:108:5 - error: Expression cannot be assignment target (reportGeneralTypeIssues)
  /home/runner/workspace/scripts/pypi_upload.py:108:21 - error: "pypi" is not defined (reportUndefinedVariable)
  /home/runner/workspace/scripts/pypi_upload.py:110:5 - warning: Expression value is unused (reportUnusedExpression)
  /home/runner/workspace/scripts/pypi_upload.py:110:6 - error: "pypi" is not defined (reportUndefinedVariable)
  /home/runner/workspace/scripts/pypi_upload.py:111:16 - error: "__token__" is not defined (reportUndefinedVariable)
  /home/runner/workspace/scripts/pypi_upload.py:112:17 - error: "token" is unbound (reportUnboundVariable)
  /home/runner/workspace/scripts/pypi_upload.py:119:8 - error: Statements must be separated by newlines or semicolons
  /home/runner/workspace/scripts/pypi_upload.py:119:8 - error: "Build" is not defined (reportUndefinedVariable)
  /home/runner/workspace/scripts/pypi_upload.py:119:8 - warning: Expression value is unused (reportUnusedExpression)
  /home/runner/workspace/scripts/pypi_upload.py:119:18 - error: "upload" is not defined (reportUndefinedVariable)
  /home/runner/workspace/scripts/pypi_upload.py:119:25 - error: Statements must be separated by newlines or semicolons
  /home/runner/workspace/scripts/pypi_upload.py:119:25 - error: "package" is not defined (reportUndefinedVariable)
  /home/runner/workspace/scripts/pypi_upload.py:119:25 - warning: Expression value is unused (reportUnusedExpression)
  /home/runner/workspace/scripts/pypi_upload.py:119:33 - error: Statements must be separated by newlines or semicolons
  /home/runner/workspace/scripts/pypi_upload.py:119:33 - error: "to" is not defined (reportUndefinedVariable)
  /home/runner/workspace/scripts/pypi_upload.py:119:33 - warning: Expression value is unused (reportUnusedExpression)
  /home/runner/workspace/scripts/pypi_upload.py:119:36 - error: Statements must be separated by newlines or semicolons
  /home/runner/workspace/scripts/pypi_upload.py:119:40 - error: Expected attribute name after "."
  /home/runner/workspace/scripts/pypi_upload.py:121:10 - error: Expected expression
  /home/runner/workspace/scripts/pypi_upload.py:122:1 - error: Unexpected indentation
  /home/runner/workspace/scripts/pypi_upload.py:122:22 - error: "Optional" is not defined (reportUndefinedVariable)
  /home/runner/workspace/scripts/pypi_upload.py:122:31 - error: Statements must be separated by newlines or semicolons
  /home/runner/workspace/scripts/pypi_upload.py:122:31 - error: "directory" is not defined (reportUndefinedVariable)
  /home/runner/workspace/scripts/pypi_upload.py:122:31 - warning: Expression value is unused (reportUnusedExpression)
  /home/runner/workspace/scripts/pypi_upload.py:122:41 - error: Statements must be separated by newlines or semicolons
  /home/runner/workspace/scripts/pypi_upload.py:122:41 - error: "containing" is not defined (reportUndefinedVariable)
  /home/runner/workspace/scripts/pypi_upload.py:122:41 - warning: Expression value is unused (reportUnusedExpression)
  /home/runner/workspace/scripts/pypi_upload.py:122:52 - error: Statements must be separated by newlines or semicolons
  /home/runner/workspace/scripts/pypi_upload.py:122:52 - error: "the" is not defined (reportUndefinedVariable)
  /home/runner/workspace/scripts/pypi_upload.py:122:52 - warning: Expression value is unused (reportUnusedExpression)
  /home/runner/workspace/scripts/pypi_upload.py:122:56 - error: Statements must be separated by newlines or semicolons
  /home/runner/workspace/scripts/pypi_upload.py:122:56 - error: "project" is not defined (reportUndefinedVariable)
  /home/runner/workspace/scripts/pypi_upload.py:122:56 - warning: Expression value is unused (reportUnusedExpression)
  /home/runner/workspace/scripts/pypi_upload.py:124:5 - error: Unindent not expected
  /home/runner/workspace/scripts/pypi_upload.py:124:12 - error: Expected expression
  /home/runner/workspace/scripts/pypi_upload.py:125:1 - error: Unexpected indentation
  /home/runner/workspace/scripts/pypi_upload.py:125:21 - error: "If" is not defined (reportUndefinedVariable)
  /home/runner/workspace/scripts/pypi_upload.py:125:24 - error: Statements must be separated by newlines or semicolons
  /home/runner/workspace/scripts/pypi_upload.py:125:24 - error: "build" is not defined (reportUndefinedVariable)
  /home/runner/workspace/scripts/pypi_upload.py:125:24 - warning: Expression value is unused (reportUnusedExpression)
  /home/runner/workspace/scripts/pypi_upload.py:125:33 - error: "upload" is not defined (reportUndefinedVariable)
  /home/runner/workspace/scripts/pypi_upload.py:125:40 - error: Statements must be separated by newlines or semicolons
  /home/runner/workspace/scripts/pypi_upload.py:125:40 - error: "fails" is not defined (reportUndefinedVariable)
  /home/runner/workspace/scripts/pypi_upload.py:125:40 - warning: Expression value is unused (reportUnusedExpression)
  /home/runner/workspace/scripts/pypi_upload.py:126:5 - error: Unindent not expected
  /home/runner/workspace/scripts/pypi_upload.py:161:8 - error: Statements must be separated by newlines or semicolons
  /home/runner/workspace/scripts/pypi_upload.py:161:8 - error: "Main" is not defined (reportUndefinedVariable)
  /home/runner/workspace/scripts/pypi_upload.py:161:8 - warning: Expression value is unused (reportUnusedExpression)
  /home/runner/workspace/scripts/pypi_upload.py:161:13 - error: Statements must be separated by newlines or semicolons
  /home/runner/workspace/scripts/pypi_upload.py:161:13 - error: "execution" is not defined (reportUndefinedVariable)
  /home/runner/workspace/scripts/pypi_upload.py:161:13 - warning: Expression value is unused (reportUnusedExpression)
  /home/runner/workspace/scripts/pypi_upload.py:161:23 - error: Statements must be separated by newlines or semicolons
  /home/runner/workspace/scripts/pypi_upload.py:161:23 - error: "function" is marked as @type_check_only and can be used only in type annotations (reportGeneralTypeIssues)
  /home/runner/workspace/scripts/pypi_upload.py:161:23 - warning: Expression value is unused (reportUnusedExpression)
  /home/runner/workspace/scripts/pypi_upload.py:161:32 - error: Statements must be separated by newlines or semicolons
  /home/runner/workspace/scripts/pypi_upload.py:161:41 - error: Expected "in"
  /home/runner/workspace/scripts/pypi_upload.py:198:1 - error: Unindent not expected
  /home/runner/workspace/scripts/pypi_upload.py:198:1 - error: Expected expression
  /home/runner/workspace/scripts/pypi_upload.py:198:1 - error: Statements must be separated by newlines or semicolons
176 errors, 54 warnings, 0 informations 
