.pythonlibs/bin/rst2html.py:14:1: E722 Do not use bare `except`
.pythonlibs/bin/rst2html.py:17:1: I001 [*] Import block is un-sorted or un-formatted
.pythonlibs/bin/rst2html4.py:17:1: E722 Do not use bare `except`
.pythonlibs/bin/rst2html4.py:20:1: I001 [*] Import block is un-sorted or un-formatted
.pythonlibs/bin/rst2html5.py:23:1: I001 [*] Import block is un-sorted or un-formatted
.pythonlibs/bin/rst2html5.py:28:1: I001 [*] Import block is un-sorted or un-formatted
.pythonlibs/bin/rst2latex.py:14:1: E722 Do not use bare `except`
.pythonlibs/bin/rst2man.py:15:1: I001 [*] Import block is un-sorted or un-formatted
.pythonlibs/bin/rst2man.py:16:1: SIM105 Use `contextlib.suppress(Exception)` instead of `try`-`except`-`pass`
.pythonlibs/bin/rst2man.py:18:1: E722 Do not use bare `except`
.pythonlibs/bin/rst2man.py:21:1: I001 [*] Import block is un-sorted or un-formatted
.pythonlibs/bin/rst2man.py:24:80: E501 Line too long (80 > 79)
.pythonlibs/bin/rst2odt.py:11:1: I001 [*] Import block is un-sorted or un-formatted
.pythonlibs/bin/rst2odt.py:11:8: F401 [*] `sys` imported but unused
.pythonlibs/bin/rst2odt.py:15:1: E722 Do not use bare `except`
.pythonlibs/bin/rst2odt.py:18:1: I001 [*] Import block is un-sorted or un-formatted
.pythonlibs/bin/rst2odt_prepstyles.py:14:1: I001 [*] Import block is un-sorted or un-formatted
.pythonlibs/bin/rst2pseudoxml.py:14:1: E722 Do not use bare `except`
.pythonlibs/bin/rst2pseudoxml.py:17:1: I001 [*] Import block is un-sorted or un-formatted
.pythonlibs/bin/rst2s5.py:15:1: E722 Do not use bare `except`
.pythonlibs/bin/rst2s5.py:18:1: I001 [*] Import block is un-sorted or un-formatted
.pythonlibs/bin/rst2xetex.py:14:1: E722 Do not use bare `except`
.pythonlibs/bin/rst2xml.py:14:1: E722 Do not use bare `except`
.pythonlibs/bin/rst2xml.py:17:1: I001 [*] Import block is un-sorted or un-formatted
.pythonlibs/bin/rstpep2html.py:15:1: E722 Do not use bare `except`
.pythonlibs/bin/rstpep2html.py:18:1: I001 [*] Import block is un-sorted or un-formatted
setup.py:24:22: SIM115 Use context handler for opening files
src/simple_crypto.py:9:42: B905 [*] `zip()` without an explicit `strict=` parameter
src/simple_crypto.py:26:42: B905 [*] `zip()` without an explicit `strict=` parameter
Found 29 errors.
[*] 16 fixable with the `--fix` option (1 hidden fix can be enabled with the `--unsafe-fixes` option).
